libtoolize: putting auxiliary files in AC_CONFIG_AUX_DIR, `build-aux'.
libtoolize: copying file `build-aux/ltmain.sh'
libtoolize: putting macros in AC_CONFIG_MACRO_DIR, `build-aux/m4'.
libtoolize: copying file `build-aux/m4/libtool.m4'
libtoolize: copying file `build-aux/m4/ltoptions.m4'
libtoolize: copying file `build-aux/m4/ltsugar.m4'
libtoolize: copying file `build-aux/m4/ltversion.m4'
libtoolize: copying file `build-aux/m4/lt~obsolete.m4'
libtoolize: putting auxiliary files in AC_CONFIG_AUX_DIR, `build-aux'.
libtoolize: copying file `build-aux/ltmain.sh'
libtoolize: putting macros in AC_CONFIG_MACRO_DIR, `build-aux/m4'.
libtoolize: copying file `build-aux/m4/libtool.m4'
libtoolize: copying file `build-aux/m4/ltoptions.m4'
libtoolize: copying file `build-aux/m4/ltsugar.m4'
libtoolize: copying file `build-aux/m4/ltversion.m4'
libtoolize: copying file `build-aux/m4/lt~obsolete.m4'
libtoolize: putting auxiliary files in AC_CONFIG_AUX_DIR, `build-aux'.
libtoolize: copying file `build-aux/ltmain.sh'
libtoolize: putting macros in AC_CONFIG_MACRO_DIR, `build-aux/m4'.
libtoolize: copying file `build-aux/m4/libtool.m4'
libtoolize: copying file `build-aux/m4/ltoptions.m4'
libtoolize: copying file `build-aux/m4/ltsugar.m4'
libtoolize: copying file `build-aux/m4/ltversion.m4'
libtoolize: copying file `build-aux/m4/lt~obsolete.m4'
Makefile.am:9: warning: user variable 'GZIP_ENV' defined here ...
/usr/share/automake-1.14/am/distdir.am: ... overrides Automake variable 'GZIP_ENV' defined here
src/Makefile.am:458: warning: user target '.mm.o' defined here ...
/usr/share/automake-1.14/am/depend2.am: ... overrides Automake target '.mm.o' defined here
